2017-08-29 20:57:45,006 INFO 14176 [egg:logger] init all loggers with options: {"dir":"F:\\stuq\\homework3\\logs\\h3","encoding":"utf8","env":"local","level":"INFO","consoleLevel":"INFO","disableConsoleAfterReady":false,"outputJSON":false,"buffer":true,"appLogName":"h3-web.log","coreLogName":"egg-web.log","agentLogName":"egg-agent.log","errorLogName":"common-error.log","coreLogger":{"consoleLevel":"WARN"},"type":"application"}
2017-08-29 20:57:45,057 INFO 14176 [egg-schedule]: register schedule egg-schedule:F:\stuq\homework3\node_modules\egg-logrotator\app\schedule\clean_log.js
2017-08-29 20:57:45,058 INFO 14176 [egg-schedule]: register schedule egg-schedule:F:\stuq\homework3\node_modules\egg-logrotator\app\schedule\rotate_by_file.js
2017-08-29 20:57:45,138 INFO 14176 [egg-static] starting static serve /public/ -> F:\stuq\homework3\app\public
2017-08-29 20:57:45,144 INFO 14176 [egg-security] use csrf middleware
2017-08-29 20:57:45,146 INFO 14176 [egg-security] use methodnoallow middleware
2017-08-29 20:57:45,148 INFO 14176 [egg-security] use noopen middleware
2017-08-29 20:57:45,149 INFO 14176 [egg-security] use nosniff middleware
2017-08-29 20:57:45,151 INFO 14176 [egg-security] use xssProtection middleware
2017-08-29 20:57:45,152 INFO 14176 [egg-security] use xframe middleware
2017-08-29 20:57:45,153 INFO 14176 [egg-security] use dta middleware
2017-08-29 20:57:45,153 INFO 14176 [egg-security] compose 7 middlewares into one security middleware
2017-08-29 20:57:45,207 INFO 14176 [egg-watcher:app] watcher start success
2017-08-29 21:01:13,516 INFO 14100 [egg:logger] init all loggers with options: {"dir":"F:\\stuq\\homework3\\logs\\h3","encoding":"utf8","env":"local","level":"INFO","consoleLevel":"INFO","disableConsoleAfterReady":false,"outputJSON":false,"buffer":true,"appLogName":"h3-web.log","coreLogName":"egg-web.log","agentLogName":"egg-agent.log","errorLogName":"common-error.log","coreLogger":{"consoleLevel":"WARN"},"type":"application"}
2017-08-29 21:01:13,600 INFO 14100 [egg-schedule]: register schedule egg-schedule:F:\stuq\homework3\node_modules\egg-logrotator\app\schedule\clean_log.js
2017-08-29 21:01:13,601 INFO 14100 [egg-schedule]: register schedule egg-schedule:F:\stuq\homework3\node_modules\egg-logrotator\app\schedule\rotate_by_file.js
2017-08-29 21:01:13,782 INFO 14100 [egg-static] starting static serve /public/ -> F:\stuq\homework3\app\public
2017-08-29 21:01:13,790 INFO 14100 [egg-security] use csrf middleware
2017-08-29 21:01:13,794 INFO 14100 [egg-security] use methodnoallow middleware
2017-08-29 21:01:13,797 INFO 14100 [egg-security] use noopen middleware
2017-08-29 21:01:13,798 INFO 14100 [egg-security] use nosniff middleware
2017-08-29 21:01:13,800 INFO 14100 [egg-security] use xssProtection middleware
2017-08-29 21:01:13,801 INFO 14100 [egg-security] use xframe middleware
2017-08-29 21:01:13,803 INFO 14100 [egg-security] use dta middleware
2017-08-29 21:01:13,804 INFO 14100 [egg-security] compose 7 middlewares into one security middleware
2017-08-29 21:01:13,934 INFO 14100 [egg-watcher:app] watcher start success
2017-08-29 21:01:54,639 INFO 8996 [egg:logger] init all loggers with options: {"dir":"F:\\stuq\\homework3\\logs\\h3","encoding":"utf8","env":"local","level":"INFO","consoleLevel":"INFO","disableConsoleAfterReady":false,"outputJSON":false,"buffer":true,"appLogName":"h3-web.log","coreLogName":"egg-web.log","agentLogName":"egg-agent.log","errorLogName":"common-error.log","coreLogger":{"consoleLevel":"WARN"},"type":"application"}
2017-08-29 21:01:54,716 INFO 8996 [egg-schedule]: register schedule egg-schedule:F:\stuq\homework3\node_modules\egg-logrotator\app\schedule\clean_log.js
2017-08-29 21:01:54,716 INFO 8996 [egg-schedule]: register schedule egg-schedule:F:\stuq\homework3\node_modules\egg-logrotator\app\schedule\rotate_by_file.js
2017-08-29 21:01:54,821 INFO 8996 [egg-static] starting static serve /public/ -> F:\stuq\homework3\app\public
2017-08-29 21:01:54,826 INFO 8996 [egg-security] use csrf middleware
2017-08-29 21:01:54,828 INFO 8996 [egg-security] use methodnoallow middleware
2017-08-29 21:01:54,829 INFO 8996 [egg-security] use noopen middleware
2017-08-29 21:01:54,830 INFO 8996 [egg-security] use nosniff middleware
2017-08-29 21:01:54,831 INFO 8996 [egg-security] use xssProtection middleware
2017-08-29 21:01:54,832 INFO 8996 [egg-security] use xframe middleware
2017-08-29 21:01:54,832 INFO 8996 [egg-security] use dta middleware
2017-08-29 21:01:54,832 INFO 8996 [egg-security] compose 7 middlewares into one security middleware
2017-08-29 21:01:54,900 INFO 8996 [egg-watcher:app] watcher start success
2017-08-29 21:01:56,468 INFO 1216 [egg:logger] init all loggers with options: {"dir":"F:\\stuq\\homework3\\logs\\h3","encoding":"utf8","env":"local","level":"INFO","consoleLevel":"INFO","disableConsoleAfterReady":false,"outputJSON":false,"buffer":true,"appLogName":"h3-web.log","coreLogName":"egg-web.log","agentLogName":"egg-agent.log","errorLogName":"common-error.log","coreLogger":{"consoleLevel":"WARN"},"type":"application"}
2017-08-29 21:01:56,524 INFO 1216 [egg-schedule]: register schedule egg-schedule:F:\stuq\homework3\node_modules\egg-logrotator\app\schedule\clean_log.js
2017-08-29 21:01:56,524 INFO 1216 [egg-schedule]: register schedule egg-schedule:F:\stuq\homework3\node_modules\egg-logrotator\app\schedule\rotate_by_file.js
2017-08-29 21:01:56,604 INFO 1216 [egg-static] starting static serve /public/ -> F:\stuq\homework3\app\public
2017-08-29 21:01:56,609 INFO 1216 [egg-security] use csrf middleware
2017-08-29 21:01:56,610 INFO 1216 [egg-security] use methodnoallow middleware
2017-08-29 21:01:56,612 INFO 1216 [egg-security] use noopen middleware
2017-08-29 21:01:56,612 INFO 1216 [egg-security] use nosniff middleware
2017-08-29 21:01:56,613 INFO 1216 [egg-security] use xssProtection middleware
2017-08-29 21:01:56,614 INFO 1216 [egg-security] use xframe middleware
2017-08-29 21:01:56,615 INFO 1216 [egg-security] use dta middleware
2017-08-29 21:01:56,615 INFO 1216 [egg-security] compose 7 middlewares into one security middleware
2017-08-29 21:01:56,666 INFO 1216 [egg-watcher:app] watcher start success
2017-08-29 21:06:29,197 INFO 7452 [egg:logger] init all loggers with options: {"dir":"F:\\stuq\\homework3\\logs\\h3","encoding":"utf8","env":"local","level":"INFO","consoleLevel":"INFO","disableConsoleAfterReady":false,"outputJSON":false,"buffer":true,"appLogName":"h3-web.log","coreLogName":"egg-web.log","agentLogName":"egg-agent.log","errorLogName":"common-error.log","coreLogger":{"consoleLevel":"WARN"},"type":"application"}
2017-08-29 21:06:29,253 INFO 7452 [egg-schedule]: register schedule egg-schedule:F:\stuq\homework3\node_modules\egg-logrotator\app\schedule\clean_log.js
2017-08-29 21:06:29,253 INFO 7452 [egg-schedule]: register schedule egg-schedule:F:\stuq\homework3\node_modules\egg-logrotator\app\schedule\rotate_by_file.js
2017-08-29 21:06:29,324 INFO 7452 [egg-static] starting static serve /public/ -> F:\stuq\homework3\app\public
2017-08-29 21:06:29,329 INFO 7452 [egg-security] use csrf middleware
2017-08-29 21:06:29,331 INFO 7452 [egg-security] use methodnoallow middleware
2017-08-29 21:06:29,332 INFO 7452 [egg-security] use noopen middleware
2017-08-29 21:06:29,333 INFO 7452 [egg-security] use nosniff middleware
2017-08-29 21:06:29,333 INFO 7452 [egg-security] use xssProtection middleware
2017-08-29 21:06:29,334 INFO 7452 [egg-security] use xframe middleware
2017-08-29 21:06:29,335 INFO 7452 [egg-security] use dta middleware
2017-08-29 21:06:29,335 INFO 7452 [egg-security] compose 7 middlewares into one security middleware
2017-08-29 21:06:29,467 INFO 7452 [egg-watcher:app] watcher start success
2017-08-29 21:17:03,345 INFO 7856 [egg:logger] init all loggers with options: {"dir":"F:\\stuq\\homework3\\logs\\h3","encoding":"utf8","env":"local","level":"INFO","consoleLevel":"INFO","disableConsoleAfterReady":false,"outputJSON":false,"buffer":true,"appLogName":"h3-web.log","coreLogName":"egg-web.log","agentLogName":"egg-agent.log","errorLogName":"common-error.log","coreLogger":{"consoleLevel":"WARN"},"type":"application"}
2017-08-29 21:17:03,420 INFO 7856 [egg-schedule]: register schedule egg-schedule:F:\stuq\homework3\node_modules\egg-logrotator\app\schedule\clean_log.js
2017-08-29 21:17:03,420 INFO 7856 [egg-schedule]: register schedule egg-schedule:F:\stuq\homework3\node_modules\egg-logrotator\app\schedule\rotate_by_file.js
2017-08-29 21:17:03,522 INFO 7856 [egg-static] starting static serve /public/ -> F:\stuq\homework3\app\public
2017-08-29 21:17:03,527 INFO 7856 [egg-security] use csrf middleware
2017-08-29 21:17:03,529 INFO 7856 [egg-security] use methodnoallow middleware
2017-08-29 21:17:03,530 INFO 7856 [egg-security] use noopen middleware
2017-08-29 21:17:03,531 INFO 7856 [egg-security] use nosniff middleware
2017-08-29 21:17:03,532 INFO 7856 [egg-security] use xssProtection middleware
2017-08-29 21:17:03,533 INFO 7856 [egg-security] use xframe middleware
2017-08-29 21:17:03,534 INFO 7856 [egg-security] use dta middleware
2017-08-29 21:17:03,534 INFO 7856 [egg-security] compose 7 middlewares into one security middleware
2017-08-29 21:17:03,596 INFO 7856 [egg-watcher:app] watcher start success
2017-08-29 21:42:50,924 INFO 7792 [egg:logger] init all loggers with options: {"dir":"F:\\stuq\\homework3\\logs\\h3","encoding":"utf8","env":"local","level":"INFO","consoleLevel":"INFO","disableConsoleAfterReady":false,"outputJSON":false,"buffer":true,"appLogName":"h3-web.log","coreLogName":"egg-web.log","agentLogName":"egg-agent.log","errorLogName":"common-error.log","coreLogger":{"consoleLevel":"WARN"},"type":"application"}
2017-08-29 21:42:50,982 INFO 7792 [egg-schedule]: register schedule egg-schedule:F:\stuq\homework3\node_modules\egg-logrotator\app\schedule\clean_log.js
2017-08-29 21:42:50,982 INFO 7792 [egg-schedule]: register schedule egg-schedule:F:\stuq\homework3\node_modules\egg-logrotator\app\schedule\rotate_by_file.js
2017-08-29 21:42:51,084 INFO 7792 [egg-static] starting static serve /public/ -> F:\stuq\homework3\app\public
2017-08-29 21:42:51,093 INFO 7792 [egg-security] use csrf middleware
2017-08-29 21:42:51,096 INFO 7792 [egg-security] use methodnoallow middleware
2017-08-29 21:42:51,098 INFO 7792 [egg-security] use noopen middleware
2017-08-29 21:42:51,099 INFO 7792 [egg-security] use nosniff middleware
2017-08-29 21:42:51,101 INFO 7792 [egg-security] use xssProtection middleware
2017-08-29 21:42:51,104 INFO 7792 [egg-security] use xframe middleware
2017-08-29 21:42:51,105 INFO 7792 [egg-security] use dta middleware
2017-08-29 21:42:51,105 INFO 7792 [egg-security] compose 7 middlewares into one security middleware
2017-08-29 21:42:51,184 INFO 7792 [egg-watcher:app] watcher start success
2017-08-29 21:48:18,028 INFO 5608 [egg:logger] init all loggers with options: {"dir":"F:\\stuq\\homework3\\logs\\h3","encoding":"utf8","env":"local","level":"INFO","consoleLevel":"INFO","disableConsoleAfterReady":false,"outputJSON":false,"buffer":true,"appLogName":"h3-web.log","coreLogName":"egg-web.log","agentLogName":"egg-agent.log","errorLogName":"common-error.log","coreLogger":{"consoleLevel":"WARN"},"type":"application"}
2017-08-29 21:48:18,106 INFO 5608 [egg-schedule]: register schedule egg-schedule:F:\stuq\homework3\node_modules\egg-logrotator\app\schedule\clean_log.js
2017-08-29 21:48:18,106 INFO 5608 [egg-schedule]: register schedule egg-schedule:F:\stuq\homework3\node_modules\egg-logrotator\app\schedule\rotate_by_file.js
2017-08-29 21:48:18,209 INFO 5608 [egg-static] starting static serve /public/ -> F:\stuq\homework3\app\public
2017-08-29 21:48:18,216 INFO 5608 [egg-security] use csrf middleware
2017-08-29 21:48:18,218 INFO 5608 [egg-security] use methodnoallow middleware
2017-08-29 21:48:18,220 INFO 5608 [egg-security] use noopen middleware
2017-08-29 21:48:18,221 INFO 5608 [egg-security] use nosniff middleware
2017-08-29 21:48:18,221 INFO 5608 [egg-security] use xssProtection middleware
2017-08-29 21:48:18,222 INFO 5608 [egg-security] use xframe middleware
2017-08-29 21:48:18,223 INFO 5608 [egg-security] use dta middleware
2017-08-29 21:48:18,223 INFO 5608 [egg-security] compose 7 middlewares into one security middleware
2017-08-29 21:48:18,292 INFO 5608 [egg-watcher:app] watcher start success
2017-08-29 21:48:44,870 INFO 7892 [egg:logger] init all loggers with options: {"dir":"F:\\stuq\\homework3\\logs\\h3","encoding":"utf8","env":"local","level":"INFO","consoleLevel":"INFO","disableConsoleAfterReady":false,"outputJSON":false,"buffer":true,"appLogName":"h3-web.log","coreLogName":"egg-web.log","agentLogName":"egg-agent.log","errorLogName":"common-error.log","coreLogger":{"consoleLevel":"WARN"},"type":"application"}
2017-08-29 21:48:44,958 INFO 7892 [egg-schedule]: register schedule egg-schedule:F:\stuq\homework3\node_modules\egg-logrotator\app\schedule\clean_log.js
2017-08-29 21:48:44,958 INFO 7892 [egg-schedule]: register schedule egg-schedule:F:\stuq\homework3\node_modules\egg-logrotator\app\schedule\rotate_by_file.js
2017-08-29 21:48:45,065 INFO 7892 [egg-static] starting static serve /public/ -> F:\stuq\homework3\app\public
2017-08-29 21:48:45,076 INFO 7892 [egg-security] use csrf middleware
2017-08-29 21:48:45,080 INFO 7892 [egg-security] use methodnoallow middleware
2017-08-29 21:48:45,082 INFO 7892 [egg-security] use noopen middleware
2017-08-29 21:48:45,083 INFO 7892 [egg-security] use nosniff middleware
2017-08-29 21:48:45,084 INFO 7892 [egg-security] use xssProtection middleware
2017-08-29 21:48:45,085 INFO 7892 [egg-security] use xframe middleware
2017-08-29 21:48:45,086 INFO 7892 [egg-security] use dta middleware
2017-08-29 21:48:45,086 INFO 7892 [egg-security] compose 7 middlewares into one security middleware
2017-08-29 21:48:45,315 INFO 7892 [egg-watcher:app] watcher start success
